<?xml version="1.0" encoding="UTF-8"?>
<coverage generated="1688458063721" clover="3.2.0">
  <project timestamp="1688458063721" name="All files">
    <metrics statements="43" coveredstatements="43" conditionals="8" coveredconditionals="7" methods="14" coveredmethods="14" elements="65" coveredelements="64" complexity="0" loc="43" ncloc="43" packages="5" files="6" classes="6"/>
    <package name="src">
      <metrics statements="2" coveredstatements="2" conditionals="0" coveredconditionals="0" methods="1" coveredmethods="1"/>
      <file name="App.tsx" path="C:\Users\v-shobhits\Documents\poc\my-app\src\App.tsx">
        <metrics statements="2" coveredstatements="2" conditionals="0" coveredconditionals="0" methods="1" coveredmethods="1"/>
        <line num="7" count="1" type="stmt"/>
        <line num="8" count="2" type="stmt"/>
      </file>
    </package>
    <package name="src.components.CardSelection">
      <metrics statements="25" coveredstatements="25" conditionals="6" coveredconditionals="5" methods="8" coveredmethods="8"/>
      <file name="CardSection.tsx" path="C:\Users\v-shobhits\Documents\poc\my-app\src\components\CardSelection\CardSection.tsx">
        <metrics statements="25" coveredstatements="25" conditionals="6" coveredconditionals="5" methods="8" coveredmethods="8"/>
        <line num="8" count="2" type="stmt"/>
        <line num="9" count="6" type="stmt"/>
        <line num="17" count="5" type="stmt"/>
        <line num="18" count="3" type="stmt"/>
        <line num="19" count="3" type="stmt"/>
        <line num="21" count="3" type="stmt"/>
        <line num="23" count="5" type="stmt"/>
        <line num="24" count="3" type="stmt"/>
        <line num="25" count="3" type="stmt"/>
        <line num="26" count="3" type="stmt"/>
        <line num="30" count="5" type="stmt"/>
        <line num="31" count="24" type="stmt"/>
        <line num="34" count="120" type="stmt"/>
        <line num="37" count="24" type="cond" truecount="1" falsecount="1"/>
        <line num="40" count="5" type="stmt"/>
        <line num="41" count="10" type="stmt"/>
        <line num="42" count="10" type="stmt"/>
        <line num="44" count="12" type="stmt"/>
        <line num="46" count="12" type="stmt"/>
        <line num="47" count="12" type="stmt"/>
        <line num="50" count="10" type="stmt"/>
        <line num="52" count="10" type="stmt"/>
        <line num="55" count="5" type="stmt"/>
        <line num="56" count="5" type="stmt"/>
        <line num="61" count="6" type="stmt"/>
      </file>
    </package>
    <package name="src.components.Grid">
      <metrics statements="8" coveredstatements="8" conditionals="2" coveredconditionals="2" methods="2" coveredmethods="2"/>
      <file name="Grid.tsx" path="C:\Users\v-shobhits\Documents\poc\my-app\src\components\Grid\Grid.tsx">
        <metrics statements="8" coveredstatements="8" conditionals="2" coveredconditionals="2" methods="2" coveredmethods="2"/>
        <line num="6" count="2" type="stmt"/>
        <line num="15" count="2" type="stmt"/>
        <line num="34" count="8" type="stmt"/>
        <line num="36" count="8" type="cond" truecount="2" falsecount="0"/>
        <line num="38" count="4" type="stmt"/>
        <line num="41" count="4" type="stmt"/>
        <line num="44" count="2" type="stmt"/>
        <line num="45" count="2" type="stmt"/>
      </file>
    </package>
    <package name="src.components.SelectBox">
      <metrics statements="4" coveredstatements="4" conditionals="0" coveredconditionals="0" methods="1" coveredmethods="1"/>
      <file name="SelectBox.tsx" path="C:\Users\v-shobhits\Documents\poc\my-app\src\components\SelectBox\SelectBox.tsx">
        <metrics statements="4" coveredstatements="4" conditionals="0" coveredconditionals="0" methods="1" coveredmethods="1"/>
        <line num="4" count="3" type="stmt"/>
        <line num="10" count="3" type="stmt"/>
        <line num="12" count="3" type="stmt"/>
        <line num="13" count="5" type="stmt"/>
      </file>
    </package>
    <package name="src.mocks">
      <metrics statements="4" coveredstatements="4" conditionals="0" coveredconditionals="0" methods="2" coveredmethods="2"/>
      <file name="handlers.js" path="C:\Users\v-shobhits\Documents\poc\my-app\src\mocks\handlers.js">
        <metrics statements="3" coveredstatements="3" conditionals="0" coveredconditionals="0" methods="2" coveredmethods="2"/>
        <line num="3" count="4" type="stmt"/>
        <line num="5" count="3" type="stmt"/>
        <line num="27" count="3" type="stmt"/>
      </file>
      <file name="server.ts" path="C:\Users\v-shobhits\Documents\poc\my-app\src\mocks\server.ts">
        <metrics statements="1" coveredstatements="1" conditionals="0" coveredconditionals="0" methods="0" coveredmethods="0"/>
        <line num="6" count="4" type="stmt"/>
      </file>
    </package>
  </project>
</coverage>
