{"C:\\Users\\v-shobhits\\Documents\\poc\\my-app\\src\\App.tsx": {"path":"C:\\Users\\v-shobhits\\Documents\\poc\\my-app\\src\\App.tsx","statementMap":{"0":{"start":{"line":7,"column":44},"end":{"line":20,"column":1}},"1":{"start":{"line":8,"column":2},"end":{"line":19,"column":4}}},"fnMap":{"0":{"name":"(anonymous_0)","decl":{"start":{"line":7,"column":44},"end":{"line":7,"column":45}},"loc":{"start":{"line":7,"column":50},"end":{"line":20,"column":1}},"line":7}},"branchMap":{},"s":{"0":1,"1":2},"f":{"0":2},"b":{},"_coverageSchema":"1a1c01bbd47fc00a2c39e90264f33305004495a9","hash":"92ee3cc92fc16e40490dcf289439a0be34a5b548"}
,"C:\\Users\\v-shobhits\\Documents\\poc\\my-app\\src\\components\\CardSelection\\CardSection.tsx": {"path":"C:\\Users\\v-shobhits\\Documents\\poc\\my-app\\src\\components\\CardSelection\\CardSection.tsx","statementMap":{"0":{"start":{"line":8,"column":31},"end":{"line":116,"column":1}},"1":{"start":{"line":9,"column":26},"end":{"line":15,"column":4}},"2":{"start":{"line":17,"column":26},"end":{"line":22,"column":3}},"3":{"start":{"line":18,"column":20},"end":{"line":18,"column":49}},"4":{"start":{"line":19,"column":23},"end":{"line":19,"column":53}},"5":{"start":{"line":21,"column":4},"end":{"line":21,"column":73}},"6":{"start":{"line":23,"column":2},"end":{"line":28,"column":9}},"7":{"start":{"line":24,"column":4},"end":{"line":24,"column":22}},"8":{"start":{"line":25,"column":4},"end":{"line":27,"column":6}},"9":{"start":{"line":26,"column":6},"end":{"line":26,"column":54}},"10":{"start":{"line":30,"column":19},"end":{"line":38,"column":3}},"11":{"start":{"line":31,"column":21},"end":{"line":35,"column":6}},"12":{"start":{"line":34,"column":6},"end":{"line":34,"column":38}},"13":{"start":{"line":37,"column":4},"end":{"line":37,"column":39}},"14":{"start":{"line":40,"column":21},"end":{"line":53,"column":3}},"15":{"start":{"line":41,"column":14},"end":{"line":41,"column":15}},"16":{"start":{"line":42,"column":4},"end":{"line":48,"column":5}},"17":{"start":{"line":44,"column":16},"end":{"line":44,"column":44}},"18":{"start":{"line":46,"column":18},"end":{"line":46,"column":45}},"19":{"start":{"line":47,"column":6},"end":{"line":47,"column":41}},"20":{"start":{"line":50,"column":20},"end":{"line":50,"column":59}},"21":{"start":{"line":52,"column":4},"end":{"line":52,"column":25}},"22":{"start":{"line":55,"column":2},"end":{"line":55,"column":20}},"23":{"start":{"line":56,"column":2},"end":{"line":115,"column":4}},"24":{"start":{"line":61,"column":12},"end":{"line":90,"column":29}}},"fnMap":{"0":{"name":"(anonymous_0)","decl":{"start":{"line":8,"column":31},"end":{"line":8,"column":32}},"loc":{"start":{"line":8,"column":37},"end":{"line":116,"column":1}},"line":8},"1":{"name":"(anonymous_1)","decl":{"start":{"line":17,"column":26},"end":{"line":17,"column":27}},"loc":{"start":{"line":17,"column":38},"end":{"line":22,"column":3}},"line":17},"2":{"name":"(anonymous_2)","decl":{"start":{"line":23,"column":12},"end":{"line":23,"column":13}},"loc":{"start":{"line":23,"column":18},"end":{"line":28,"column":3}},"line":23},"3":{"name":"(anonymous_3)","decl":{"start":{"line":25,"column":11},"end":{"line":25,"column":12}},"loc":{"start":{"line":25,"column":17},"end":{"line":27,"column":5}},"line":25},"4":{"name":"(anonymous_4)","decl":{"start":{"line":30,"column":19},"end":{"line":30,"column":20}},"loc":{"start":{"line":30,"column":48},"end":{"line":38,"column":3}},"line":30},"5":{"name":"(anonymous_5)","decl":{"start":{"line":31,"column":67},"end":{"line":31,"column":68}},"loc":{"start":{"line":33,"column":6},"end":{"line":35,"column":5}},"line":33},"6":{"name":"(anonymous_6)","decl":{"start":{"line":40,"column":21},"end":{"line":40,"column":22}},"loc":{"start":{"line":40,"column":27},"end":{"line":53,"column":3}},"line":40},"7":{"name":"(anonymous_7)","decl":{"start":{"line":60,"column":39},"end":{"line":60,"column":40}},"loc":{"start":{"line":61,"column":12},"end":{"line":90,"column":29}},"line":61}},"branchMap":{"0":{"loc":{"start":{"line":37,"column":11},"end":{"line":37,"column":38}},"type":"binary-expr","locations":[{"start":{"line":37,"column":11},"end":{"line":37,"column":31}},{"start":{"line":37,"column":35},"end":{"line":37,"column":38}}],"line":37},"1":{"loc":{"start":{"line":59,"column":9},"end":{"line":91,"column":12}},"type":"binary-expr","locations":[{"start":{"line":59,"column":9},"end":{"line":59,"column":22}},{"start":{"line":60,"column":10},"end":{"line":91,"column":12}}],"line":59},"2":{"loc":{"start":{"line":87,"column":15},"end":{"line":89,"column":15}},"type":"binary-expr","locations":[{"start":{"line":87,"column":15},"end":{"line":87,"column":25}},{"start":{"line":88,"column":16},"end":{"line":88,"column":67}}],"line":87}},"s":{"0":2,"1":6,"2":5,"3":3,"4":3,"5":3,"6":5,"7":3,"8":3,"9":3,"10":5,"11":24,"12":120,"13":24,"14":5,"15":10,"16":10,"17":12,"18":12,"19":12,"20":10,"21":10,"22":5,"23":5,"24":6},"f":{"0":6,"1":3,"2":3,"3":3,"4":24,"5":120,"6":10,"7":6},"b":{"0":[24,0],"1":[5,2],"2":[6,4]},"_coverageSchema":"1a1c01bbd47fc00a2c39e90264f33305004495a9","hash":"adb43bce9cbe7e323fc24512d5b0922290d72080"}
,"C:\\Users\\v-shobhits\\Documents\\poc\\my-app\\src\\components\\Grid\\Grid.tsx": {"path":"C:\\Users\\v-shobhits\\Documents\\poc\\my-app\\src\\components\\Grid\\Grid.tsx","statementMap":{"0":{"start":{"line":6,"column":24},"end":{"line":13,"column":1}},"1":{"start":{"line":15,"column":16},"end":{"line":32,"column":1}},"2":{"start":{"line":34,"column":23},"end":{"line":34,"column":55}},"3":{"start":{"line":36,"column":2},"end":{"line":42,"column":3}},"4":{"start":{"line":38,"column":6},"end":{"line":38,"column":37}},"5":{"start":{"line":41,"column":6},"end":{"line":41,"column":41}},"6":{"start":{"line":44,"column":27},"end":{"line":58,"column":1}},"7":{"start":{"line":45,"column":2},"end":{"line":57,"column":4}}},"fnMap":{"0":{"name":"renderItemColumn","decl":{"start":{"line":33,"column":9},"end":{"line":33,"column":25}},"loc":{"start":{"line":33,"column":68},"end":{"line":43,"column":1}},"line":33},"1":{"name":"(anonymous_1)","decl":{"start":{"line":44,"column":27},"end":{"line":44,"column":28}},"loc":{"start":{"line":44,"column":33},"end":{"line":58,"column":1}},"line":44}},"branchMap":{"0":{"loc":{"start":{"line":36,"column":2},"end":{"line":42,"column":3}},"type":"switch","locations":[{"start":{"line":37,"column":4},"end":{"line":38,"column":37}},{"start":{"line":40,"column":4},"end":{"line":41,"column":41}}],"line":36}},"s":{"0":2,"1":2,"2":8,"3":8,"4":4,"5":4,"6":2,"7":2},"f":{"0":8,"1":2},"b":{"0":[4,4]},"_coverageSchema":"1a1c01bbd47fc00a2c39e90264f33305004495a9","hash":"060548b4d1752ceca2e37bd1671134be5a22634f"}
,"C:\\Users\\v-shobhits\\Documents\\poc\\my-app\\src\\components\\SelectBox\\SelectBox.tsx": {"path":"C:\\Users\\v-shobhits\\Documents\\poc\\my-app\\src\\components\\SelectBox\\SelectBox.tsx","statementMap":{"0":{"start":{"line":4,"column":35},"end":{"line":8,"column":1}},"1":{"start":{"line":10,"column":49},"end":{"line":10,"column":76}},"2":{"start":{"line":12,"column":50},"end":{"line":26,"column":1}},"3":{"start":{"line":13,"column":2},"end":{"line":25,"column":4}}},"fnMap":{"0":{"name":"(anonymous_0)","decl":{"start":{"line":12,"column":50},"end":{"line":12,"column":51}},"loc":{"start":{"line":12,"column":56},"end":{"line":26,"column":1}},"line":12}},"branchMap":{},"s":{"0":3,"1":3,"2":3,"3":5},"f":{"0":5},"b":{},"_coverageSchema":"1a1c01bbd47fc00a2c39e90264f33305004495a9","hash":"bad861f405e6f049a0e9d7627ce2c9da46729ed5"}
,"C:\\Users\\v-shobhits\\Documents\\poc\\my-app\\src\\mocks\\handlers.js": {"path":"C:\\Users\\v-shobhits\\Documents\\poc\\my-app\\src\\mocks\\handlers.js","statementMap":{"0":{"start":{"line":3,"column":24},"end":{"line":55,"column":1}},"1":{"start":{"line":5,"column":4},"end":{"line":23,"column":6}},"2":{"start":{"line":27,"column":4},"end":{"line":53,"column":6}}},"fnMap":{"0":{"name":"(anonymous_0)","decl":{"start":{"line":4,"column":25},"end":{"line":4,"column":26}},"loc":{"start":{"line":4,"column":44},"end":{"line":24,"column":3}},"line":4},"1":{"name":"(anonymous_1)","decl":{"start":{"line":26,"column":26},"end":{"line":26,"column":27}},"loc":{"start":{"line":26,"column":45},"end":{"line":54,"column":3}},"line":26}},"branchMap":{},"s":{"0":4,"1":3,"2":3},"f":{"0":3,"1":3},"b":{},"_coverageSchema":"1a1c01bbd47fc00a2c39e90264f33305004495a9","hash":"6b81a36c7a707091c675954e5c7185727e0df231"}
,"C:\\Users\\v-shobhits\\Documents\\poc\\my-app\\src\\mocks\\server.ts": {"path":"C:\\Users\\v-shobhits\\Documents\\poc\\my-app\\src\\mocks\\server.ts","statementMap":{"0":{"start":{"line":6,"column":22},"end":{"line":6,"column":46}}},"fnMap":{},"branchMap":{},"s":{"0":4},"f":{},"b":{},"_coverageSchema":"1a1c01bbd47fc00a2c39e90264f33305004495a9","hash":"ac3f664623e578a0e205f8dd19aac7d6dc7d48d3"}
}
