TN:
SF:src\App.tsx
FN:7,(anonymous_0)
FNF:1
FNH:1
FNDA:2,(anonymous_0)
DA:7,1
DA:8,2
LF:2
LH:2
BRF:0
BRH:0
end_of_record
TN:
SF:src\components\CardSelection\CardSection.tsx
FN:8,(anonymous_0)
FN:17,(anonymous_1)
FN:23,(anonymous_2)
FN:25,(anonymous_3)
FN:30,(anonymous_4)
FN:31,(anonymous_5)
FN:40,(anonymous_6)
FN:60,(anonymous_7)
FNF:8
FNH:8
FNDA:6,(anonymous_0)
FNDA:3,(anonymous_1)
FNDA:3,(anonymous_2)
FNDA:3,(anonymous_3)
FNDA:24,(anonymous_4)
FNDA:120,(anonymous_5)
FNDA:10,(anonymous_6)
FNDA:6,(anonymous_7)
DA:8,2
DA:9,6
DA:17,5
DA:18,3
DA:19,3
DA:21,3
DA:23,5
DA:24,3
DA:25,3
DA:26,3
DA:30,5
DA:31,24
DA:34,120
DA:37,24
DA:40,5
DA:41,10
DA:42,10
DA:44,12
DA:46,12
DA:47,12
DA:50,10
DA:52,10
DA:55,5
DA:56,5
DA:61,6
LF:25
LH:25
BRDA:37,0,0,24
BRDA:37,0,1,0
BRDA:59,1,0,5
BRDA:59,1,1,2
BRDA:87,2,0,6
BRDA:87,2,1,4
BRF:6
BRH:5
end_of_record
TN:
SF:src\components\Grid\Grid.tsx
FN:33,renderItemColumn
FN:44,(anonymous_1)
FNF:2
FNH:2
FNDA:8,renderItemColumn
FNDA:2,(anonymous_1)
DA:6,2
DA:15,2
DA:34,8
DA:36,8
DA:38,4
DA:41,4
DA:44,2
DA:45,2
LF:8
LH:8
BRDA:36,0,0,4
BRDA:36,0,1,4
BRF:2
BRH:2
end_of_record
TN:
SF:src\components\SelectBox\SelectBox.tsx
FN:12,(anonymous_0)
FNF:1
FNH:1
FNDA:5,(anonymous_0)
DA:4,3
DA:10,3
DA:12,3
DA:13,5
LF:4
LH:4
BRF:0
BRH:0
end_of_record
TN:
SF:src\mocks\handlers.js
FN:4,(anonymous_0)
FN:26,(anonymous_1)
FNF:2
FNH:2
FNDA:3,(anonymous_0)
FNDA:3,(anonymous_1)
DA:3,4
DA:5,3
DA:27,3
LF:3
LH:3
BRF:0
BRH:0
end_of_record
TN:
SF:src\mocks\server.ts
FNF:0
FNH:0
DA:6,4
LF:1
LH:1
BRF:0
BRH:0
end_of_record
